   Compiling sui-framework v0.1.0 (/Users/dam/projects/mysten/sui/sui_programmability/framework)
   Compiling sui-framework v0.1.0 (/Users/dam/projects/mysten/sui/sui_programmability/framework)
   Compiling    Compiling sui-adapter v0.1.0 (/Users/dam/projects/mysten/sui/sui_programmability/adapter)
sui-adapter v0.1.0 (/Users/dam/projects/mysten/sui/sui_programmability/adapter)
   Compiling sui_core v0.1.0 (/Users/dam/projects/mysten/sui/sui_core)
   Compiling sui_core v0.1.0 (/Users/dam/projects/mysten/sui/sui_core)
   Compiling sui   Compiling sui v0.1.0 (/Users/dam/projects/mysten/sui/sui)
 v0.1.0 (/Users/dam/projects/mysten/sui/sui)
    Finished     Finished dev [unoptimized + debuginfo] target(s) in 9.05s
dev [unoptimized + debuginfo] target(s) in 9.05s
     Running `/Users/dam/projects/mysten/sui/target/debug/sui-move test`
     Running `/Users/dam/projects/mysten/sui/target/debug/sui-move test`
[0m[1m[38;5;11mwarning[W09003][0m[1m: unused assignment[0m
   [0m[34m┌─[0m ./sources/Marketplace.move:87:17
   [0m[0m[1m[38;5;11mwarning[W09003][0m[1m: unused assignment[0m
   [0m[34m┌─[0m ./sources/Marketplace.move:87:17
   [0m[34m│[0m
[0m[34m87[0m [0m[34m│[0m             let [0m[33mbag[0m = Test[34m│[0m
[0m[34m87[0m [0m[34m│[0m             let [0m[33mbag[0m = TestScenario::rScenario::remove_objeemove_object<Bag>(scect<Bag>(scenario);
  nario);
   [0m[34m│[0m    [0m[34m│[0m                         [0m[33m      [0m[33m^^^[0m^^^[0m [0m[33mUnused assignment or binding for local 'bag'. Consider removing, replacing with '_', or prefixing with '_' (e.g., '_bag') [0m[33mUnused assignment or binding for local 'bag'. Consider removing, replacing with '_', or prefixing with '_' (e.g., '_bag')[0m
[0m


[0m[1m[38;5;9merror[E06001][0m[1m: unused value without 'drop'[0m
   [0m[34m┌─[0m ./sources/Marketplace.move:96:10
   [0m[34m│[0m
[0m[34m87[0m [0m[34m│[0m       [0m[1m[38;5;9merror[E06001][0m[1m: unused value without 'drop'[0m
   [0m[34m┌─[0m ./sources/Marketplace.move:96:10
   [0m[34m│[0m
[0m[34m87[0m [0m[34m│[0m             let bag =      let bag = TestScen TestScenario::remove_object<Bag>(scenario::remove_object<Bag>(scenario);
   [0m[34m│[0m        ario);
   [0m[34m│[0m                 [0m         [0m[34m---[0m    [34m---[0m                                                          [0m[34m---[0m [0m[34m---[0m [0m[34mThe type 'Sui::Bag::Bag' does not have the ability 'drop'[0m
   [0m[34m│[0m [0m[34mThe type 'Sui::Bag::Bag' does not have the ability 'drop'[0m
   [0m[34m│[0m                               [0m[34m│[0m     [0m[34m│[0m                                                                 
   [0m[34m│[0m 
   [0m[34m│[0m                              [0m[34mThe local variable 'bag' still contains a value. The value does not have the 'drop' ability and must be consumed before the function returns[0m
   [0m[34mThe local variable 'bag' still contains a value. The value does not have the 'drop' ability and must be consumed before the function returns[0m
   [0m[34m·[0m
[0m[34m96[0m   [0m[34m·[0m
[0m[34m96[0m [0m[34m│[0m       [0m[34m│[0m         }[0m[31m;[0m
    }[0m[31m;[0m
   [0m[34m│[0m      [0m[34m│[0m          [0m[31m^[0m [0m[31m      [0m[31m^[0m [0m[31mInvalid return[0m
   [0m[34m│[0m
Invalid return[0m
   [0m[34m│[0m
   [0m[34m┌─[0m /var/folders/5g/kqrszr412vjdj38j3mdt9gb80000gn/T/.tmpyVOk9x/mv_interfaces/00282023683183285465/0000000000000000000000000000000000000002/Bag.move:7:   [0m[34m┌─[0m /var/folders/5g/kqrszr412vjdj38j3mdt9gb80000gn/T/.tmpyVOk9x/mv_interfaces/00282023683183285465/0000000000000000000000000000000000000002/Bag.move:7:12
   [0m[34m│[0m
12
   [0m[34m│[0m
[0m[34m 7[0m [0m[34m│[0m  [0m[34m 7[0m [0m[34m│[0m     struct   struct Bag has k Bag has key {
   [0m[34m│[0m  ey {
   [0m[34m│[0m                     [0m[34m---[0m [0m[34m---[0m [0m[34mTo satisfy the constraint, the 'drop' ability would need to be added here[0m

 [0m[34mTo satisfy the constraint, the 'drop' ability would need to be added here[0m

